{
  "0 debug pnpm:scope": {
    "selected": 1,
    "workspacePrefix": "/Users/zhenya/exp/fx"
  },
  "1 error pnpm": {
    "errno": 1,
    "code": "ELIFECYCLE",
    "pkgid": "@nice/fx-repo@1.0.0",
    "stage": "fx",
    "script": "pnpm exec fx \"add\" \"package\" \"foo\"",
    "pkgname": "@nice/fx-repo",
    "err": {
      "name": "pnpm",
      "message": "@nice/fx-repo@1.0.0 fx: `pnpm exec fx \"add\" \"package\" \"foo\"`\nExit status 1",
      "code": "ELIFECYCLE",
      "stack": "pnpm: @nice/fx-repo@1.0.0 fx: `pnpm exec fx \"add\" \"package\" \"foo\"`\nExit status 1\n    at EventEmitter.<anonymous> (/Users/zhenya/.node/corepack/pnpm/6.23.1/dist/pnpm.cjs:103446:20)\n    at EventEmitter.emit (node:events:390:28)\n    at ChildProcess.<anonymous> (/Users/zhenya/.node/corepack/pnpm/6.23.1/dist/pnpm.cjs:91375:18)\n    at ChildProcess.emit (node:events:390:28)\n    at maybeClose (node:internal/child_process:1064:16)\n    at Process.ChildProcess._handle.onexit (node:internal/child_process:301:5)"
    }
  }
}